<?xml version="1.0" encoding="UTF-8"?>
<testsuite xmlns:xsi="http://www.w3.org/2001/XMLSchema-instance" xsi:noNamespaceSchemaLocation="https://maven.apache.org/surefire/maven-surefire-plugin/xsd/surefire-test-report.xsd" version="3.0.2" name="com.semana_iii.actividadiii.microservicio_mysql.SemanaIiiActividadIiApplicationTests" time="6.913" tests="1" errors="0" skipped="0" failures="0">
  <properties>
[...]
</properties>
  <testcase name="contextLoads" classname="com.semana_iii.actividadiii.microservicio_mysql.SemanaIiiActividadIiApplicationTests" time="0.4">
    <system-out><![CDATA[20:38:18.031 [main] INFO org.springframework.test.context.support.AnnotationConfigContextLoaderUtils -- Could not detect default configuration classes for test class [com.semana_iii.actividadiii.microservicio_mysql.SemanaIiiActividadIiApplicationTests]: SemanaIiiActividadIiApplicationTests does not declare any static, non-private, non-final, nested classes annotated with @Configuration.
20:38:18.144 [main] INFO org.springframework.boot.test.context.SpringBootTestContextBootstrapper -- Found @SpringBootConfiguration com.semana_iii.actividadiii.microservicio_mysql.SemanaIiiActividadIiApplication for test class com.semana_iii.actividadiii.microservicio_mysql.SemanaIiiActividadIiApplicationTests
20:38:18.304 [main] INFO org.springframework.boot.devtools.restart.RestartApplicationListener -- Restart disabled due to context in which it is running

  .   ____          _            __ _ _
 /\\ / ___'_ __ _ _(_)_ __  __ _ \ \ \ \
( ( )\___ | '_ | '_| | '_ \/ _` | \ \ \ \
 \\/  ___)| |_)| | | | | || (_| |  ) ) ) )
  '  |____| .__|_| |_|_| |_\__, | / / / /
 =========|_|==============|___/=/_/_/_/

 :: Spring Boot ::                (v3.4.1)

2025-01-06T20:38:18.587-05:00  INFO 19200 --- [semana_III_actividad_II] [           main] a.m.SemanaIiiActividadIiApplicationTests : Starting SemanaIiiActividadIiApplicationTests using Java 23.0.1 with PID 19200 (started by stevt in C:\Users\stevt\Documents\UISRAEL\UISRAEL\SEPTIMO SEMESTRE\semana_III\actividad_II\semana_III_actividad_II)
2025-01-06T20:38:18.589-05:00  INFO 19200 --- [semana_III_actividad_II] [           main] a.m.SemanaIiiActividadIiApplicationTests : No active profile set, falling back to 1 default profile: "default"
2025-01-06T20:38:19.639-05:00  INFO 19200 --- [semana_III_actividad_II] [           main] .s.d.r.c.RepositoryConfigurationDelegate : Bootstrapping Spring Data JPA repositories in DEFAULT mode.
2025-01-06T20:38:19.694-05:00  INFO 19200 --- [semana_III_actividad_II] [           main] .s.d.r.c.RepositoryConfigurationDelegate : Finished Spring Data repository scanning in 45 ms. Found 1 JPA repository interface.
2025-01-06T20:38:20.491-05:00  INFO 19200 --- [semana_III_actividad_II] [           main] o.hibernate.jpa.internal.util.LogHelper  : HHH000204: Processing PersistenceUnitInfo [name: default]
2025-01-06T20:38:20.568-05:00  INFO 19200 --- [semana_III_actividad_II] [           main] org.hibernate.Version                    : HHH000412: Hibernate ORM core version 6.6.4.Final
2025-01-06T20:38:20.607-05:00  INFO 19200 --- [semana_III_actividad_II] [           main] o.h.c.internal.RegionFactoryInitiator    : HHH000026: Second-level cache disabled
2025-01-06T20:38:20.994-05:00  INFO 19200 --- [semana_III_actividad_II] [           main] o.s.o.j.p.SpringPersistenceUnitInfo      : No LoadTimeWeaver setup: ignoring JPA class transformer
2025-01-06T20:38:21.023-05:00  INFO 19200 --- [semana_III_actividad_II] [           main] com.zaxxer.hikari.HikariDataSource       : HikariPool-1 - Starting...
2025-01-06T20:38:21.327-05:00  INFO 19200 --- [semana_III_actividad_II] [           main] com.zaxxer.hikari.pool.HikariPool        : HikariPool-1 - Added connection com.mysql.cj.jdbc.ConnectionImpl@13c18bba
2025-01-06T20:38:21.330-05:00  INFO 19200 --- [semana_III_actividad_II] [           main] com.zaxxer.hikari.HikariDataSource       : HikariPool-1 - Start completed.
2025-01-06T20:38:21.423-05:00  INFO 19200 --- [semana_III_actividad_II] [           main] org.hibernate.orm.connections.pooling    : HHH10001005: Database info:
	Database JDBC URL [Connecting through datasource 'HikariDataSource (HikariPool-1)']
	Database driver: undefined/unknown
	Database version: 8.0.35
	Autocommit mode: undefined/unknown
	Isolation level: undefined/unknown
	Minimum pool size: undefined/unknown
	Maximum pool size: undefined/unknown
2025-01-06T20:38:22.150-05:00  INFO 19200 --- [semana_III_actividad_II] [           main] o.h.e.t.j.p.i.JtaPlatformInitiator       : HHH000489: No JTA platform available (set 'hibernate.transaction.jta.platform' to enable JTA platform integration)
2025-01-06T20:38:22.190-05:00  INFO 19200 --- [semana_III_actividad_II] [           main] j.LocalContainerEntityManagerFactoryBean : Initialized JPA EntityManagerFactory for persistence unit 'default'
2025-01-06T20:38:23.036-05:00  WARN 19200 --- [semana_III_actividad_II] [           main] JpaBaseConfiguration$JpaWebConfiguration : spring.jpa.open-in-view is enabled by default. Therefore, database queries may be performed during view rendering. Explicitly configure spring.jpa.open-in-view to disable this warning
2025-01-06T20:38:23.142-05:00  INFO 19200 --- [semana_III_actividad_II] [           main] o.s.v.b.OptionalValidatorFactoryBean     : Failed to set up a Bean Validation provider: jakarta.validation.NoProviderFoundException: Unable to create a Configuration, because no Jakarta Bean Validation provider could be found. Add a provider like Hibernate Validator (RI) to your classpath.
2025-01-06T20:38:24.217-05:00  INFO 19200 --- [semana_III_actividad_II] [           main] o.s.b.a.e.web.EndpointLinksResolver      : Exposing 1 endpoint beneath base path '/actuator'
2025-01-06T20:38:24.304-05:00  INFO 19200 --- [semana_III_actividad_II] [           main] a.m.SemanaIiiActividadIiApplicationTests : Started SemanaIiiActividadIiApplicationTests in 6.017 seconds (process running for 6.997)
]]></system-out>
    <system-err><![CDATA[Mockito is currently self-attaching to enable the inline-mock-maker. This will no longer work in future releases of the JDK. Please add Mockito as an agent to your build what is described in Mockito's documentation: https://javadoc.io/doc/org.mockito/mockito-core/latest/org/mockito/Mockito.html#0.3
WARNING: A Java agent has been loaded dynamically (C:\Users\stevt\.m2\repository\net\bytebuddy\byte-buddy-agent\1.15.11\byte-buddy-agent-1.15.11.jar)
WARNING: If a serviceability tool is in use, please run with -XX:+EnableDynamicAgentLoading to hide this warning
WARNING: If a serviceability tool is not in use, please run with -Djdk.instrument.traceUsage for more information
WARNING: Dynamic loading of agents will be disallowed by default in a future release
]]></system-err>
  </testcase>
</testsuite>